Flow report for alu
Wed Mar 31 10:44:20 2021
Quartus II 64-Bit Version 13.1.0 Build 162 10/23/2013 SJ Web Edition


---------------------
; Table of Contents ;
---------------------
  1. Legal Notice
  2. Flow Summary
  3. Flow Settings
  4. Flow Non-Default Global Settings
  5. Flow Elapsed Time
  6. Flow OS Summary
  7. Flow Log
  8. Flow Messages
  9. Flow Suppressed Messages



----------------
; Legal Notice ;
----------------
Copyright (C) 1991-2013 Altera Corporation
Your use of Altera Corporation's design tools, logic functions 
and other software and tools, and its AMPP partner logic 
functions, and any output files from any of the foregoing 
(including device programming or simulation files), and any 
associated documentation or information are expressly subject 
to the terms and conditions of the Altera Program License 
Subscription Agreement, Altera MegaCore Function License 
Agreement, or other applicable license agreement, including, 
without limitation, that your use is for the sole purpose of 
programming logic devices manufactured by Altera and sold by 
Altera or its authorized distributors.  Please refer to the 
applicable agreement for further details.



+---------------------------------------------------------------------------------+
; Flow Summary                                                                    ;
+------------------------------------+--------------------------------------------+
; Flow Status                        ; Successful - Wed Mar 31 10:44:20 2021      ;
; Quartus II 64-Bit Version          ; 13.1.0 Build 162 10/23/2013 SJ Web Edition ;
; Revision Name                      ; alu                                        ;
; Top-level Entity Name              ; alu                                        ;
; Family                             ; Cyclone III                                ;
; Device                             ; EP3C16F484C6                               ;
; Timing Models                      ; Final                                      ;
; Total logic elements               ; 23 / 15,408 ( < 1 % )                      ;
;     Total combinational functions  ; 23 / 15,408 ( < 1 % )                      ;
;     Dedicated logic registers      ; 0 / 15,408 ( 0 % )                         ;
; Total registers                    ; 0                                          ;
; Total pins                         ; 31 / 347 ( 9 % )                           ;
; Total virtual pins                 ; 0                                          ;
; Total memory bits                  ; 0 / 516,096 ( 0 % )                        ;
; Embedded Multiplier 9-bit elements ; 0 / 112 ( 0 % )                            ;
; Total PLLs                         ; 0 / 4 ( 0 % )                              ;
+------------------------------------+--------------------------------------------+


+-----------------------------------------+
; Flow Settings                           ;
+-------------------+---------------------+
; Option            ; Setting             ;
+-------------------+---------------------+
; Start date & time ; 03/30/2021 14:06:06 ;
; Main task         ; Compilation         ;
; Revision Name     ; alu                 ;
+-------------------+---------------------+


+---------------------------------------------------------------------------------------------------------------------+
; Flow Non-Default Global Settings                                                                                    ;
+-------------------------------------+--------------------------------+---------------+-------------+----------------+
; Assignment Name                     ; Value                          ; Default Value ; Entity Name ; Section Id     ;
+-------------------------------------+--------------------------------+---------------+-------------+----------------+
; COMPILER_SIGNATURE_ID               ; 88491859489476.161713116508464 ; --            ; --          ; --             ;
; EDA_OUTPUT_DATA_FORMAT              ; Vhdl                           ; --            ; --          ; eda_simulation ;
; EDA_SIMULATION_TOOL                 ; ModelSim-Altera (VHDL)         ; <None>        ; --          ; --             ;
; MAX_CORE_JUNCTION_TEMP              ; 85                             ; --            ; --          ; --             ;
; MIN_CORE_JUNCTION_TEMP              ; 0                              ; --            ; --          ; --             ;
; NOMINAL_CORE_SUPPLY_VOLTAGE         ; 1.2V                           ; --            ; --          ; --             ;
; PARTITION_COLOR                     ; 16764057                       ; --            ; --          ; Top            ;
; PARTITION_FITTER_PRESERVATION_LEVEL ; PLACEMENT_AND_ROUTING          ; --            ; --          ; Top            ;
; PARTITION_NETLIST_TYPE              ; SOURCE                         ; --            ; --          ; Top            ;
; PROJECT_OUTPUT_DIRECTORY            ; output_files                   ; --            ; --          ; --             ;
+-------------------------------------+--------------------------------+---------------+-------------+----------------+


+-------------------------------------------------------------------------------------------------------------------------------+
; Flow Elapsed Time                                                                                                             ;
+---------------------------+--------------+-------------------------+---------------------+------------------------------------+
; Module Name               ; Elapsed Time ; Average Processors Used ; Peak Virtual Memory ; Total CPU Time (on all processors) ;
+---------------------------+--------------+-------------------------+---------------------+------------------------------------+
; Analysis & Synthesis      ; 00:00:03     ; 1.0                     ; 4663 MB             ; 00:00:02                           ;
; Fitter                    ; 00:00:08     ; 1.0                     ; 5133 MB             ; 00:00:07                           ;
; Assembler                 ; 00:00:02     ; 1.0                     ; 4580 MB             ; 00:00:01                           ;
; TimeQuest Timing Analyzer ; 00:00:03     ; 1.0                     ; 4648 MB             ; 00:00:02                           ;
; EDA Netlist Writer        ; 00:00:01     ; 1.0                     ; 4541 MB             ; 00:00:01                           ;
; EDA Netlist Writer        ; 00:00:01     ; 1.0                     ; 4553 MB             ; 00:00:01                           ;
; EDA Netlist Writer        ; 00:00:01     ; 1.0                     ; 4553 MB             ; 00:00:01                           ;
; EDA Netlist Writer        ; 00:00:01     ; 1.0                     ; 4553 MB             ; 00:00:01                           ;
; EDA Netlist Writer        ; 00:00:01     ; 1.0                     ; 4553 MB             ; 00:00:01                           ;
; EDA Netlist Writer        ; 00:00:01     ; 1.0                     ; 4553 MB             ; 00:00:01                           ;
; EDA Netlist Writer        ; 00:00:01     ; 1.0                     ; 4553 MB             ; 00:00:01                           ;
; EDA Netlist Writer        ; 00:00:01     ; 1.0                     ; 4553 MB             ; 00:00:01                           ;
; EDA Netlist Writer        ; 00:00:00     ; 1.0                     ; 4553 MB             ; 00:00:01                           ;
; EDA Netlist Writer        ; 00:00:01     ; 1.0                     ; 4553 MB             ; 00:00:01                           ;
; EDA Netlist Writer        ; 00:00:01     ; 1.0                     ; 4553 MB             ; 00:00:01                           ;
; EDA Netlist Writer        ; 00:00:00     ; 1.0                     ; 4553 MB             ; 00:00:01                           ;
; EDA Netlist Writer        ; 00:00:01     ; 1.0                     ; 4553 MB             ; 00:00:01                           ;
; EDA Netlist Writer        ; 00:00:01     ; 1.0                     ; 4553 MB             ; 00:00:01                           ;
; EDA Netlist Writer        ; 00:00:01     ; 1.0                     ; 4557 MB             ; 00:00:01                           ;
; Total                     ; 00:00:29     ; --                      ; --                  ; 00:00:27                           ;
+---------------------------+--------------+-------------------------+---------------------+------------------------------------+


+----------------------------------------------------------------------------------------+
; Flow OS Summary                                                                        ;
+---------------------------+------------------+-----------+------------+----------------+
; Module Name               ; Machine Hostname ; OS Name   ; OS Version ; Processor type ;
+---------------------------+------------------+-----------+------------+----------------+
; Analysis & Synthesis      ; Victor-PC        ; Windows 7 ; 6.2        ; x86_64         ;
; Fitter                    ; Victor-PC        ; Windows 7 ; 6.2        ; x86_64         ;
; Assembler                 ; Victor-PC        ; Windows 7 ; 6.2        ; x86_64         ;
; TimeQuest Timing Analyzer ; Victor-PC        ; Windows 7 ; 6.2        ; x86_64         ;
; EDA Netlist Writer        ; Victor-PC        ; Windows 7 ; 6.2        ; x86_64         ;
; EDA Netlist Writer        ; Victor-PC        ; Windows 7 ; 6.2        ; x86_64         ;
; EDA Netlist Writer        ; Victor-PC        ; Windows 7 ; 6.2        ; x86_64         ;
; EDA Netlist Writer        ; Victor-PC        ; Windows 7 ; 6.2        ; x86_64         ;
; EDA Netlist Writer        ; Victor-PC        ; Windows 7 ; 6.2        ; x86_64         ;
; EDA Netlist Writer        ; Victor-PC        ; Windows 7 ; 6.2        ; x86_64         ;
; EDA Netlist Writer        ; Victor-PC        ; Windows 7 ; 6.2        ; x86_64         ;
; EDA Netlist Writer        ; Victor-PC        ; Windows 7 ; 6.2        ; x86_64         ;
; EDA Netlist Writer        ; Victor-PC        ; Windows 7 ; 6.2        ; x86_64         ;
; EDA Netlist Writer        ; Victor-PC        ; Windows 7 ; 6.2        ; x86_64         ;
; EDA Netlist Writer        ; Victor-PC        ; Windows 7 ; 6.2        ; x86_64         ;
; EDA Netlist Writer        ; Victor-PC        ; Windows 7 ; 6.2        ; x86_64         ;
; EDA Netlist Writer        ; Victor-PC        ; Windows 7 ; 6.2        ; x86_64         ;
; EDA Netlist Writer        ; Victor-PC        ; Windows 7 ; 6.2        ; x86_64         ;
; EDA Netlist Writer        ; Victor-PC        ; Windows 7 ; 6.2        ; x86_64         ;
+---------------------------+------------------+-----------+------------+----------------+


------------
; Flow Log ;
------------
quartus_map --read_settings_files=on --write_settings_files=off alu -c alu
quartus_fit --read_settings_files=off --write_settings_files=off alu -c alu
quartus_asm --read_settings_files=off --write_settings_files=off alu -c alu
quartus_sta alu -c alu
quartus_eda --read_settings_files=off --write_settings_files=off alu -c alu
quartus_eda --gen_testbench --check_outputs=on --tool=modelsim_oem --format=verilog alu -c alu --vector_source=C:/Users/vidah/Desktop/Universidad_del_Cauca/Circuitos_Digitales_II/Proyectos/Entrega1/alu/Waveform1.vwf --testbench_file=C:/Users/vidah/Desktop/Universidad_del_Cauca/Circuitos_Digitales_II/Proyectos/Entrega1/alu/simulation/qsim/Waveform1.vwf.vt
quartus_eda --functional=on --flatten_buses=off --simulation=on --tool=modelsim_oem --format=verilog --output_directory=C:/Users/vidah/Desktop/Universidad_del_Cauca/Circuitos_Digitales_II/Proyectos/Entrega1/alu/simulation/qsim/ alu -c alu
quartus_eda --gen_testbench --check_outputs=on --tool=modelsim_oem --format=verilog alu -c alu --vector_source=C:/Users/vidah/Desktop/Universidad_del_Cauca/Circuitos_Digitales_II/Proyectos/Entrega1/alu/Waveform1.vwf --testbench_file=C:/Users/vidah/Desktop/Universidad_del_Cauca/Circuitos_Digitales_II/Proyectos/Entrega1/alu/simulation/qsim/Waveform1.vwf.vt
quartus_eda --functional=on --flatten_buses=off --simulation=on --tool=modelsim_oem --format=verilog --output_directory=C:/Users/vidah/Desktop/Universidad_del_Cauca/Circuitos_Digitales_II/Proyectos/Entrega1/alu/simulation/qsim/ alu -c alu
quartus_eda --gen_testbench --check_outputs=on --tool=modelsim_oem --format=verilog alu -c alu --vector_source=C:/Users/vidah/Desktop/Universidad_del_Cauca/Circuitos_Digitales_II/Proyectos/Entrega1/alu/Waveform1.vwf --testbench_file=C:/Users/vidah/Desktop/Universidad_del_Cauca/Circuitos_Digitales_II/Proyectos/Entrega1/alu/simulation/qsim/Waveform1.vwf.vt
quartus_eda --functional=on --flatten_buses=off --simulation=on --tool=modelsim_oem --format=verilog --output_directory=C:/Users/vidah/Desktop/Universidad_del_Cauca/Circuitos_Digitales_II/Proyectos/Entrega1/alu/simulation/qsim/ alu -c alu
quartus_eda --gen_testbench --check_outputs=on --tool=modelsim_oem --format=verilog alu -c alu --vector_source=C:/Users/vidah/Desktop/Universidad_del_Cauca/Circuitos_Digitales_II/Proyectos/Entrega1/alu/Waveform1.vwf --testbench_file=C:/Users/vidah/Desktop/Universidad_del_Cauca/Circuitos_Digitales_II/Proyectos/Entrega1/alu/simulation/qsim/Waveform1.vwf.vt
quartus_eda --functional=on --flatten_buses=off --simulation=on --tool=modelsim_oem --format=verilog --output_directory=C:/Users/vidah/Desktop/Universidad_del_Cauca/Circuitos_Digitales_II/Proyectos/Entrega1/alu/simulation/qsim/ alu -c alu
quartus_eda --gen_testbench --check_outputs=on --tool=modelsim_oem --format=verilog alu -c alu --vector_source=C:/Users/vidah/Desktop/Universidad_del_Cauca/Circuitos_Digitales_II/Proyectos/Entrega1/alu/Waveform1.vwf --testbench_file=C:/Users/vidah/Desktop/Universidad_del_Cauca/Circuitos_Digitales_II/Proyectos/Entrega1/alu/simulation/qsim/Waveform1.vwf.vt
quartus_eda --functional=on --flatten_buses=off --simulation=on --tool=modelsim_oem --format=verilog --output_directory=C:/Users/vidah/Desktop/Universidad_del_Cauca/Circuitos_Digitales_II/Proyectos/Entrega1/alu/simulation/qsim/ alu -c alu
quartus_eda --gen_testbench --check_outputs=on --tool=modelsim_oem --format=verilog alu -c alu --vector_source=C:/Users/vidah/Desktop/Universidad_del_Cauca/Circuitos_Digitales_II/Proyectos/Entrega1/alu/Waveform1.vwf --testbench_file=C:/Users/vidah/Desktop/Universidad_del_Cauca/Circuitos_Digitales_II/Proyectos/Entrega1/alu/simulation/qsim/Waveform1.vwf.vt
quartus_eda --functional=on --flatten_buses=off --simulation=on --tool=modelsim_oem --format=verilog --output_directory=C:/Users/vidah/Desktop/Universidad_del_Cauca/Circuitos_Digitales_II/Proyectos/Entrega1/alu/simulation/qsim/ alu -c alu
quartus_eda --gen_testbench --check_outputs=on --tool=modelsim_oem --format=verilog alu -c alu --vector_source=C:/Users/vidah/Desktop/Universidad_del_Cauca/Circuitos_Digitales_II/Proyectos/Entrega1/alu/Waveform1.vwf --testbench_file=C:/Users/vidah/Desktop/Universidad_del_Cauca/Circuitos_Digitales_II/Proyectos/Entrega1/alu/simulation/qsim/Waveform1.vwf.vt
quartus_eda --functional=on --flatten_buses=off --simulation=on --tool=modelsim_oem --format=verilog --output_directory=C:/Users/vidah/Desktop/Universidad_del_Cauca/Circuitos_Digitales_II/Proyectos/Entrega1/alu/simulation/qsim/ alu -c alu



